{"/home/anon/WebstormProjects/NodeJS-WebCrawler/lib/classes/tree.js":{"path":"/home/anon/WebstormProjects/NodeJS-WebCrawler/lib/classes/tree.js","s":{"1":1,"2":2,"3":2,"4":0,"5":1,"6":0,"7":0,"8":0,"9":0,"10":0,"11":0,"12":0,"13":0,"14":0,"15":0,"16":0,"17":0,"18":0,"19":1},"b":{"1":[0,0],"2":[0,0]},"f":{"1":2,"2":0,"3":1,"4":0,"5":0,"6":0,"7":0},"fnMap":{"1":{"name":"(anonymous_1)","line":11,"loc":{"start":{"line":11,"column":14},"end":{"line":11,"column":21}}},"2":{"name":"(anonymous_2)","line":21,"loc":{"start":{"line":21,"column":13},"end":{"line":21,"column":20}}},"3":{"name":"(anonymous_3)","line":29,"loc":{"start":{"line":29,"column":10},"end":{"line":29,"column":13}}},"4":{"name":"(anonymous_4)","line":37,"loc":{"start":{"line":37,"column":14},"end":{"line":37,"column":21}}},"5":{"name":"(anonymous_5)","line":47,"loc":{"start":{"line":47,"column":13},"end":{"line":47,"column":25}}},"6":{"name":"(anonymous_6)","line":57,"loc":{"start":{"line":57,"column":15},"end":{"line":57,"column":43}}},"7":{"name":"(anonymous_7)","line":74,"loc":{"start":{"line":74,"column":20},"end":{"line":74,"column":36}}}},"statementMap":{"1":{"start":{"line":3,"column":0},"end":{"line":3,"column":30}},"2":{"start":{"line":12,"column":4},"end":{"line":12,"column":30}},"3":{"start":{"line":13,"column":4},"end":{"line":13,"column":18}},"4":{"start":{"line":22,"column":4},"end":{"line":22,"column":25}},"5":{"start":{"line":30,"column":4},"end":{"line":30,"column":20}},"6":{"start":{"line":38,"column":4},"end":{"line":38,"column":25}},"7":{"start":{"line":48,"column":4},"end":{"line":48,"column":24}},"8":{"start":{"line":65,"column":4},"end":{"line":65,"column":19}},"9":{"start":{"line":75,"column":4},"end":{"line":75,"column":31}},"10":{"start":{"line":76,"column":4},"end":{"line":76,"column":22}},"11":{"start":{"line":77,"column":4},"end":{"line":85,"column":5}},"12":{"start":{"line":78,"column":6},"end":{"line":82,"column":7}},"13":{"start":{"line":79,"column":8},"end":{"line":79,"column":28}},"14":{"start":{"line":80,"column":8},"end":{"line":80,"column":57}},"15":{"start":{"line":81,"column":8},"end":{"line":81,"column":47}},"16":{"start":{"line":81,"column":25},"end":{"line":81,"column":46}},"17":{"start":{"line":84,"column":6},"end":{"line":84,"column":29}},"18":{"start":{"line":86,"column":4},"end":{"line":86,"column":28}},"19":{"start":{"line":89,"column":0},"end":{"line":89,"column":21}}},"branchMap":{"1":{"line":77,"type":"if","locations":[{"start":{"line":77,"column":4},"end":{"line":77,"column":4}},{"start":{"line":77,"column":4},"end":{"line":77,"column":4}}]},"2":{"line":81,"type":"if","locations":[{"start":{"line":81,"column":8},"end":{"line":81,"column":8}},{"start":{"line":81,"column":8},"end":{"line":81,"column":8}}]}}},"/home/anon/WebstormProjects/NodeJS-WebCrawler/lib/classes/node.js":{"path":"/home/anon/WebstormProjects/NodeJS-WebCrawler/lib/classes/node.js","s":{"1":3,"2":3,"3":3,"4":0,"5":0,"6":0,"7":0,"8":0,"9":0,"10":0,"11":0,"12":0,"13":0,"14":0,"15":0,"16":0,"17":2,"18":1},"b":{"1":[0,0],"2":[0,0],"3":[0,0],"4":[0,0]},"f":{"1":3,"2":0,"3":0,"4":0,"5":0,"6":2},"fnMap":{"1":{"name":"(anonymous_1)","line":9,"loc":{"start":{"line":9,"column":14},"end":{"line":9,"column":21}}},"2":{"name":"(anonymous_2)","line":19,"loc":{"start":{"line":19,"column":11},"end":{"line":19,"column":25}}},"3":{"name":"(anonymous_3)","line":32,"loc":{"start":{"line":32,"column":13},"end":{"line":32,"column":16}}},"4":{"name":"(anonymous_4)","line":40,"loc":{"start":{"line":40,"column":13},"end":{"line":40,"column":25}}},"5":{"name":"(anonymous_5)","line":56,"loc":{"start":{"line":56,"column":17},"end":{"line":56,"column":20}}},"6":{"name":"(anonymous_6)","line":64,"loc":{"start":{"line":64,"column":10},"end":{"line":64,"column":13}}}},"statementMap":{"1":{"start":{"line":10,"column":4},"end":{"line":10,"column":19}},"2":{"start":{"line":11,"column":4},"end":{"line":11,"column":21}},"3":{"start":{"line":12,"column":4},"end":{"line":12,"column":22}},"4":{"start":{"line":20,"column":4},"end":{"line":26,"column":5}},"5":{"start":{"line":21,"column":6},"end":{"line":23,"column":7}},"6":{"start":{"line":22,"column":8},"end":{"line":22,"column":42}},"7":{"start":{"line":25,"column":6},"end":{"line":25,"column":37}},"8":{"start":{"line":33,"column":4},"end":{"line":33,"column":23}},"9":{"start":{"line":41,"column":4},"end":{"line":41,"column":12}},"10":{"start":{"line":42,"column":4},"end":{"line":48,"column":5}},"11":{"start":{"line":43,"column":6},"end":{"line":45,"column":7}},"12":{"start":{"line":47,"column":6},"end":{"line":47,"column":22}},"13":{"start":{"line":49,"column":4},"end":{"line":49,"column":23}},"14":{"start":{"line":57,"column":4},"end":{"line":57,"column":77}},"15":{"start":{"line":57,"column":36},"end":{"line":57,"column":57}},"16":{"start":{"line":57,"column":66},"end":{"line":57,"column":76}},"17":{"start":{"line":65,"column":4},"end":{"line":65,"column":19}},"18":{"start":{"line":68,"column":0},"end":{"line":68,"column":21}}},"branchMap":{"1":{"line":20,"type":"if","locations":[{"start":{"line":20,"column":4},"end":{"line":20,"column":4}},{"start":{"line":20,"column":4},"end":{"line":20,"column":4}}]},"2":{"line":42,"type":"if","locations":[{"start":{"line":42,"column":4},"end":{"line":42,"column":4}},{"start":{"line":42,"column":4},"end":{"line":42,"column":4}}]},"3":{"line":42,"type":"binary-expr","locations":[{"start":{"line":42,"column":8},"end":{"line":42,"column":26}},{"start":{"line":42,"column":30},"end":{"line":42,"column":59}}]},"4":{"line":57,"type":"if","locations":[{"start":{"line":57,"column":4},"end":{"line":57,"column":4}},{"start":{"line":57,"column":4},"end":{"line":57,"column":4}}]}}},"/home/anon/WebstormProjects/NodeJS-WebCrawler/lib/classes/filters.js":{"path":"/home/anon/WebstormProjects/NodeJS-WebCrawler/lib/classes/filters.js","s":{"1":1,"2":1,"3":0,"4":0,"5":0,"6":0,"7":0,"8":0,"9":0,"10":0,"11":0,"12":0,"13":0,"14":0,"15":0,"16":0,"17":0,"18":0,"19":0,"20":0,"21":0,"22":0,"23":0,"24":1},"b":{"1":[0,0],"2":[0,0],"3":[0,0],"4":[0,0],"5":[0,0],"6":[0,0],"7":[0,0,0]},"f":{"1":0,"2":0,"3":0,"4":0,"5":0,"6":0,"7":0},"fnMap":{"1":{"name":"(anonymous_1)","line":12,"loc":{"start":{"line":12,"column":14},"end":{"line":12,"column":20}}},"2":{"name":"(anonymous_2)","line":21,"loc":{"start":{"line":21,"column":22},"end":{"line":21,"column":29}}},"3":{"name":"(anonymous_3)","line":26,"loc":{"start":{"line":26,"column":40},"end":{"line":26,"column":53}}},"4":{"name":"(anonymous_4)","line":32,"loc":{"start":{"line":32,"column":40},"end":{"line":32,"column":53}}},"5":{"name":"(anonymous_5)","line":35,"loc":{"start":{"line":35,"column":56},"end":{"line":35,"column":69}}},"6":{"name":"(anonymous_6)","line":72,"loc":{"start":{"line":72,"column":18},"end":{"line":72,"column":25}}},"7":{"name":"(anonymous_7)","line":82,"loc":{"start":{"line":82,"column":10},"end":{"line":82,"column":23}}}},"statementMap":{"1":{"start":{"line":3,"column":0},"end":{"line":3,"column":34}},"2":{"start":{"line":4,"column":0},"end":{"line":4,"column":27}},"3":{"start":{"line":13,"column":4},"end":{"line":13,"column":30}},"4":{"start":{"line":22,"column":4},"end":{"line":22,"column":15}},"5":{"start":{"line":23,"column":4},"end":{"line":23,"column":13}},"6":{"start":{"line":24,"column":4},"end":{"line":38,"column":5}},"7":{"start":{"line":25,"column":6},"end":{"line":25,"column":27}},"8":{"start":{"line":26,"column":6},"end":{"line":28,"column":8}},"9":{"start":{"line":27,"column":8},"end":{"line":27,"column":50}},"10":{"start":{"line":27,"column":40},"end":{"line":27,"column":49}},"11":{"start":{"line":29,"column":6},"end":{"line":29,"column":18}},"12":{"start":{"line":30,"column":11},"end":{"line":38,"column":5}},"13":{"start":{"line":31,"column":6},"end":{"line":31,"column":36}},"14":{"start":{"line":32,"column":6},"end":{"line":34,"column":8}},"15":{"start":{"line":33,"column":8},"end":{"line":33,"column":55}},"16":{"start":{"line":33,"column":45},"end":{"line":33,"column":54}},"17":{"start":{"line":35,"column":6},"end":{"line":37,"column":9}},"18":{"start":{"line":36,"column":8},"end":{"line":36,"column":71}},"19":{"start":{"line":36,"column":61},"end":{"line":36,"column":70}},"20":{"start":{"line":73,"column":4},"end":{"line":73,"column":118}},"21":{"start":{"line":73,"column":53},"end":{"line":73,"column":72}},"22":{"start":{"line":73,"column":81},"end":{"line":73,"column":117}},"23":{"start":{"line":83,"column":4},"end":{"line":83,"column":34}},"24":{"start":{"line":86,"column":0},"end":{"line":86,"column":23}}},"branchMap":{"1":{"line":24,"type":"if","locations":[{"start":{"line":24,"column":4},"end":{"line":24,"column":4}},{"start":{"line":24,"column":4},"end":{"line":24,"column":4}}]},"2":{"line":27,"type":"if","locations":[{"start":{"line":27,"column":8},"end":{"line":27,"column":8}},{"start":{"line":27,"column":8},"end":{"line":27,"column":8}}]},"3":{"line":30,"type":"if","locations":[{"start":{"line":30,"column":11},"end":{"line":30,"column":11}},{"start":{"line":30,"column":11},"end":{"line":30,"column":11}}]},"4":{"line":33,"type":"if","locations":[{"start":{"line":33,"column":8},"end":{"line":33,"column":8}},{"start":{"line":33,"column":8},"end":{"line":33,"column":8}}]},"5":{"line":36,"type":"if","locations":[{"start":{"line":36,"column":8},"end":{"line":36,"column":8}},{"start":{"line":36,"column":8},"end":{"line":36,"column":8}}]},"6":{"line":73,"type":"if","locations":[{"start":{"line":73,"column":4},"end":{"line":73,"column":4}},{"start":{"line":73,"column":4},"end":{"line":73,"column":4}}]},"7":{"line":73,"type":"binary-expr","locations":[{"start":{"line":73,"column":8},"end":{"line":73,"column":13}},{"start":{"line":73,"column":17},"end":{"line":73,"column":31}},{"start":{"line":73,"column":35},"end":{"line":73,"column":49}}]}}},"/home/anon/WebstormProjects/NodeJS-WebCrawler/lib/util/utils.js":{"path":"/home/anon/WebstormProjects/NodeJS-WebCrawler/lib/util/utils.js","s":{"1":1,"2":1,"3":1,"4":1,"5":1,"6":1,"7":0,"8":1,"9":1,"10":1,"11":0},"b":{"1":[1,0],"2":[1,1],"3":[0,1]},"f":{"1":1,"2":0},"fnMap":{"1":{"name":"(anonymous_1)","line":10,"loc":{"start":{"line":10,"column":19},"end":{"line":10,"column":34}}},"2":{"name":"(anonymous_2)","line":29,"loc":{"start":{"line":29,"column":25},"end":{"line":29,"column":40}}}},"statementMap":{"1":{"start":{"line":3,"column":0},"end":{"line":3,"column":28}},"2":{"start":{"line":10,"column":0},"end":{"line":22,"column":1}},"3":{"start":{"line":11,"column":2},"end":{"line":11,"column":9}},"4":{"start":{"line":12,"column":2},"end":{"line":17,"column":3}},"5":{"start":{"line":13,"column":4},"end":{"line":13,"column":29}},"6":{"start":{"line":14,"column":4},"end":{"line":16,"column":24}},"7":{"start":{"line":15,"column":6},"end":{"line":15,"column":27}},"8":{"start":{"line":16,"column":13},"end":{"line":16,"column":23}},"9":{"start":{"line":21,"column":2},"end":{"line":21,"column":12}},"10":{"start":{"line":29,"column":0},"end":{"line":31,"column":1}},"11":{"start":{"line":30,"column":2},"end":{"line":30,"column":26}}},"branchMap":{"1":{"line":12,"type":"if","locations":[{"start":{"line":12,"column":2},"end":{"line":12,"column":2}},{"start":{"line":12,"column":2},"end":{"line":12,"column":2}}]},"2":{"line":12,"type":"binary-expr","locations":[{"start":{"line":12,"column":6},"end":{"line":12,"column":9}},{"start":{"line":12,"column":13},"end":{"line":12,"column":23}}]},"3":{"line":14,"type":"if","locations":[{"start":{"line":14,"column":4},"end":{"line":14,"column":4}},{"start":{"line":14,"column":4},"end":{"line":14,"column":4}}]}}}}