TN:
SF:/home/anon/WebstormProjects/NodeJS-WebCrawler/lib/classes/tree.js
FN:11,(anonymous_1)
FN:21,(anonymous_2)
FN:29,(anonymous_3)
FN:37,(anonymous_4)
FN:47,(anonymous_5)
FN:57,(anonymous_6)
FN:74,(anonymous_7)
FNF:7
FNH:2
FNDA:2,(anonymous_1)
FNDA:0,(anonymous_2)
FNDA:1,(anonymous_3)
FNDA:0,(anonymous_4)
FNDA:0,(anonymous_5)
FNDA:0,(anonymous_6)
FNDA:0,(anonymous_7)
DA:3,1
DA:12,2
DA:13,2
DA:22,0
DA:30,1
DA:38,0
DA:48,0
DA:65,0
DA:75,0
DA:76,0
DA:77,0
DA:78,0
DA:79,0
DA:80,0
DA:81,0
DA:84,0
DA:86,0
DA:89,1
LF:18
LH:5
BRDA:77,1,0,0
BRDA:77,1,1,0
BRDA:81,2,0,0
BRDA:81,2,1,0
BRF:4
BRH:0
end_of_record
TN:
SF:/home/anon/WebstormProjects/NodeJS-WebCrawler/lib/classes/node.js
FN:9,(anonymous_1)
FN:19,(anonymous_2)
FN:32,(anonymous_3)
FN:40,(anonymous_4)
FN:56,(anonymous_5)
FN:64,(anonymous_6)
FNF:6
FNH:2
FNDA:3,(anonymous_1)
FNDA:0,(anonymous_2)
FNDA:0,(anonymous_3)
FNDA:0,(anonymous_4)
FNDA:0,(anonymous_5)
FNDA:2,(anonymous_6)
DA:10,3
DA:11,3
DA:12,3
DA:20,0
DA:21,0
DA:22,0
DA:25,0
DA:33,0
DA:41,0
DA:42,0
DA:43,0
DA:47,0
DA:49,0
DA:57,0
DA:65,2
DA:68,1
LF:16
LH:5
BRDA:20,1,0,0
BRDA:20,1,1,0
BRDA:42,2,0,0
BRDA:42,2,1,0
BRDA:42,3,0,0
BRDA:42,3,1,0
BRDA:57,4,0,0
BRDA:57,4,1,0
BRF:8
BRH:0
end_of_record
TN:
SF:/home/anon/WebstormProjects/NodeJS-WebCrawler/lib/classes/filters.js
FN:12,(anonymous_1)
FN:21,(anonymous_2)
FN:26,(anonymous_3)
FN:32,(anonymous_4)
FN:35,(anonymous_5)
FN:72,(anonymous_6)
FN:82,(anonymous_7)
FNF:7
FNH:0
FNDA:0,(anonymous_1)
FNDA:0,(anonymous_2)
FNDA:0,(anonymous_3)
FNDA:0,(anonymous_4)
FNDA:0,(anonymous_5)
FNDA:0,(anonymous_6)
FNDA:0,(anonymous_7)
DA:3,1
DA:4,1
DA:13,0
DA:22,0
DA:23,0
DA:24,0
DA:25,0
DA:26,0
DA:27,0
DA:29,0
DA:30,0
DA:31,0
DA:32,0
DA:33,0
DA:35,0
DA:36,0
DA:73,0
DA:83,0
DA:86,1
LF:19
LH:3
BRDA:24,1,0,0
BRDA:24,1,1,0
BRDA:27,2,0,0
BRDA:27,2,1,0
BRDA:30,3,0,0
BRDA:30,3,1,0
BRDA:33,4,0,0
BRDA:33,4,1,0
BRDA:36,5,0,0
BRDA:36,5,1,0
BRDA:73,6,0,0
BRDA:73,6,1,0
BRDA:73,7,0,0
BRDA:73,7,1,0
BRDA:73,7,2,0
BRF:15
BRH:0
end_of_record
TN:
SF:/home/anon/WebstormProjects/NodeJS-WebCrawler/lib/util/utils.js
FN:10,(anonymous_1)
FN:29,(anonymous_2)
FNF:2
FNH:1
FNDA:1,(anonymous_1)
FNDA:0,(anonymous_2)
DA:3,1
DA:10,1
DA:11,1
DA:12,1
DA:13,1
DA:14,1
DA:15,0
DA:16,1
DA:21,1
DA:29,1
DA:30,0
LF:11
LH:9
BRDA:12,1,0,1
BRDA:12,1,1,0
BRDA:12,2,0,1
BRDA:12,2,1,1
BRDA:14,3,0,0
BRDA:14,3,1,1
BRF:6
BRH:4
end_of_record
